

Microchip MPLAB XC8 Assembler V2.32 build 20210201212658 
                                                                                               Tue Mar 28 15:56:13 2023

Microchip MPLAB XC8 C Compiler v2.32 (Free license) build 20210201212658 Og1 
     1                           	processor	16F887
     2                           	pagewidth 120
     3                           	opt	flic
     4                           	psect	cinit,global,class=CODE,merge=1,delta=2
     5                           	psect	bssCOMMON,global,class=COMMON,space=1,delta=1,noexec
     6                           	psect	cstackCOMMON,global,class=COMMON,space=1,delta=1,noexec
     7                           	psect	maintext,global,class=CODE,split=1,delta=2
     8                           	psect	text1,local,class=CODE,merge=1,delta=2
     9                           	psect	text2,local,class=CODE,merge=1,delta=2
    10                           	psect	text3,local,class=CODE,merge=1,delta=2
    11                           	dabs	1,0x7E,2
    12  0000                     
    13                           ; Version 2.20
    14                           ; Generated 12/02/2020 GMT
    15                           ; 
    16                           ; Copyright © 2020, Microchip Technology Inc. and its subsidiaries ("Microchip")
    17                           ; All rights reserved.
    18                           ; 
    19                           ; This software is developed by Microchip Technology Inc. and its subsidiaries ("Microch
      +                          ip").
    20                           ; 
    21                           ; Redistribution and use in source and binary forms, with or without modification, are
    22                           ; permitted provided that the following conditions are met:
    23                           ; 
    24                           ;     1. Redistributions of source code must retain the above copyright notice, this lis
      +                          t of
    25                           ;        conditions and the following disclaimer.
    26                           ; 
    27                           ;     2. Redistributions in binary form must reproduce the above copyright notice, this 
      +                          list
    28                           ;        of conditions and the following disclaimer in the documentation and/or other
    29                           ;        materials provided with the distribution.
    30                           ; 
    31                           ;     3. Microchip's name may not be used to endorse or promote products derived from th
      +                          is
    32                           ;        software without specific prior written permission.
    33                           ; 
    34                           ; THIS SOFTWARE IS PROVIDED BY MICROCHIP "AS IS" AND ANY EXPRESS OR IMPLIED WARRANTIES,
    35                           ; INCLUDING, BUT NOT LIMITED TO, THE IMPLIED WARRANTIES OF MERCHANTABILITY AND FITNESS F
      +                          OR
    36                           ; PURPOSE ARE DISCLAIMED.  IN NO EVENT SHALL MICROCHIP BE LIABLE FOR ANY DIRECT, INDIREC
      +                          T,
    37                           ; INCIDENTAL, SPECIAL, EXEMPLARY, OR CONSEQUENTIAL DAMAGES (INCLUDING BUT NOT LIMITED TO
    38                           ; PROCUREMENT OF SUBSTITUTE GOODS OR SERVICES; LOSS OF USE, DATA OR PROFITS; OR BUSINESS
    39                           ; INTERRUPTION) HOWSOEVER CAUSED AND ON ANY THEORY OF LIABILITY, WHETHER IN CONTRACT, ST
      +                          RICT
    40                           ; LIABILITY, OR TORT (INCLUDING NEGLIGENCE OR OTHERWISE) ARISING IN ANY WAY OUT OF THE U
      +                          SE OF
    41                           ; THIS SOFTWARE, EVEN IF ADVISED OF THE POSSIBILITY OF SUCH DAMAGE.
    42                           ; 
    43                           ; 
    44                           ; Code-generator required, PIC16F887 Definitions
    45                           ; 
    46                           ; SFR Addresses
    47  0000                     	;# 
    48  0001                     	;# 
    49  0002                     	;# 
    50  0003                     	;# 
    51  0004                     	;# 
    52  0005                     	;# 
    53  0006                     	;# 
    54  0007                     	;# 
    55  0008                     	;# 
    56  0009                     	;# 
    57  000A                     	;# 
    58  000B                     	;# 
    59  000C                     	;# 
    60  000D                     	;# 
    61  000E                     	;# 
    62  000E                     	;# 
    63  000F                     	;# 
    64  0010                     	;# 
    65  0011                     	;# 
    66  0012                     	;# 
    67  0013                     	;# 
    68  0014                     	;# 
    69  0015                     	;# 
    70  0015                     	;# 
    71  0016                     	;# 
    72  0017                     	;# 
    73  0018                     	;# 
    74  0019                     	;# 
    75  001A                     	;# 
    76  001B                     	;# 
    77  001B                     	;# 
    78  001C                     	;# 
    79  001D                     	;# 
    80  001E                     	;# 
    81  001F                     	;# 
    82  0081                     	;# 
    83  0085                     	;# 
    84  0086                     	;# 
    85  0087                     	;# 
    86  0088                     	;# 
    87  0089                     	;# 
    88  008C                     	;# 
    89  008D                     	;# 
    90  008E                     	;# 
    91  008F                     	;# 
    92  0090                     	;# 
    93  0091                     	;# 
    94  0092                     	;# 
    95  0093                     	;# 
    96  0093                     	;# 
    97  0093                     	;# 
    98  0094                     	;# 
    99  0095                     	;# 
   100  0096                     	;# 
   101  0097                     	;# 
   102  0098                     	;# 
   103  0099                     	;# 
   104  009A                     	;# 
   105  009B                     	;# 
   106  009C                     	;# 
   107  009D                     	;# 
   108  009E                     	;# 
   109  009F                     	;# 
   110  0105                     	;# 
   111  0107                     	;# 
   112  0108                     	;# 
   113  0109                     	;# 
   114  010C                     	;# 
   115  010C                     	;# 
   116  010D                     	;# 
   117  010E                     	;# 
   118  010F                     	;# 
   119  0185                     	;# 
   120  0187                     	;# 
   121  0188                     	;# 
   122  0189                     	;# 
   123  018C                     	;# 
   124  018D                     	;# 
   125  0000                     	;# 
   126  0001                     	;# 
   127  0002                     	;# 
   128  0003                     	;# 
   129  0004                     	;# 
   130  0005                     	;# 
   131  0006                     	;# 
   132  0007                     	;# 
   133  0008                     	;# 
   134  0009                     	;# 
   135  000A                     	;# 
   136  000B                     	;# 
   137  000C                     	;# 
   138  000D                     	;# 
   139  000E                     	;# 
   140  000E                     	;# 
   141  000F                     	;# 
   142  0010                     	;# 
   143  0011                     	;# 
   144  0012                     	;# 
   145  0013                     	;# 
   146  0014                     	;# 
   147  0015                     	;# 
   148  0015                     	;# 
   149  0016                     	;# 
   150  0017                     	;# 
   151  0018                     	;# 
   152  0019                     	;# 
   153  001A                     	;# 
   154  001B                     	;# 
   155  001B                     	;# 
   156  001C                     	;# 
   157  001D                     	;# 
   158  001E                     	;# 
   159  001F                     	;# 
   160  0081                     	;# 
   161  0085                     	;# 
   162  0086                     	;# 
   163  0087                     	;# 
   164  0088                     	;# 
   165  0089                     	;# 
   166  008C                     	;# 
   167  008D                     	;# 
   168  008E                     	;# 
   169  008F                     	;# 
   170  0090                     	;# 
   171  0091                     	;# 
   172  0092                     	;# 
   173  0093                     	;# 
   174  0093                     	;# 
   175  0093                     	;# 
   176  0094                     	;# 
   177  0095                     	;# 
   178  0096                     	;# 
   179  0097                     	;# 
   180  0098                     	;# 
   181  0099                     	;# 
   182  009A                     	;# 
   183  009B                     	;# 
   184  009C                     	;# 
   185  009D                     	;# 
   186  009E                     	;# 
   187  009F                     	;# 
   188  0105                     	;# 
   189  0107                     	;# 
   190  0108                     	;# 
   191  0109                     	;# 
   192  010C                     	;# 
   193  010C                     	;# 
   194  010D                     	;# 
   195  010E                     	;# 
   196  010F                     	;# 
   197  0185                     	;# 
   198  0187                     	;# 
   199  0188                     	;# 
   200  0189                     	;# 
   201  018C                     	;# 
   202  018D                     	;# 
   203  0001                     _TMR0	set	1
   204  0008                     _PORTD	set	8
   205  0007                     _PORTC	set	7
   206  0006                     _PORTB	set	6
   207  005A                     _T0IF	set	90
   208  003C                     _RC4	set	60
   209  003F                     _RC7	set	63
   210  003D                     _RC5	set	61
   211  003E                     _RC6	set	62
   212  0046                     _RD6	set	70
   213  0045                     _RD5	set	69
   214  0047                     _RD7	set	71
   215  0081                     _OPTION_REG	set	129
   216  0088                     _TRISD	set	136
   217  0086                     _TRISB	set	134
   218  0087                     _TRISC	set	135
   219  0189                     _ANSELH	set	393
   220  0188                     _ANSEL	set	392
   221                           
   222                           	psect	cinit
   223  07FA                     start_initialization:	
   224                           ; #config settings
   225                           
   226  07FA                     __initialization:
   227                           
   228                           ; Clear objects allocated to COMMON
   229  07FA  01F6               	clrf	__pbssCOMMON& (0+127)
   230  07FB  01F7               	clrf	(__pbssCOMMON+1)& (0+127)
   231  07FC                     end_of_initialization:	
   232                           ;End of C runtime variable initialization code
   233                           
   234  07FC                     __end_of__initialization:
   235  07FC  0183               	clrf	3
   236  07FD  120A  118A  2F82   	ljmp	_main	;jump to C main() function
   237                           
   238                           	psect	bssCOMMON
   239  0076                     __pbssCOMMON:
   240  0076                     _count:
   241  0076                     	ds	2
   242                           
   243                           	psect	cstackCOMMON
   244  0070                     __pcstackCOMMON:
   245  0070                     ?_pulse:
   246  0070                     ??_pulse:	
   247                           ; 1 bytes @ 0x0
   248                           
   249  0070                     ?_traffic:	
   250                           ; 1 bytes @ 0x0
   251                           
   252  0070                     ?_main:	
   253                           ; 1 bytes @ 0x0
   254                           
   255  0070                     traffic@c:	
   256                           ; 1 bytes @ 0x0
   257                           
   258                           
   259                           ; 2 bytes @ 0x0
   260  0070                     	ds	2
   261  0072                     ?_lcd:
   262  0072                     lcd@a:	
   263                           ; 1 bytes @ 0x2
   264                           
   265  0072                     traffic@d:	
   266                           ; 2 bytes @ 0x2
   267                           
   268                           
   269                           ; 2 bytes @ 0x2
   270  0072                     	ds	2
   271  0074                     ??_traffic:
   272  0074                     lcd@b:	
   273                           ; 1 bytes @ 0x4
   274                           
   275                           
   276                           ; 2 bytes @ 0x4
   277  0074                     	ds	2
   278  0076                     ??_lcd:
   279  0076                     ??_main:	
   280                           ; 1 bytes @ 0x6
   281                           
   282                           
   283                           	psect	maintext
   284  0782                     __pmaintext:	
   285                           ; 1 bytes @ 0x6
   286 ;;
   287 ;;Main: autosize = 0, tempsize = 0, incstack = 0, save=0
   288 ;;
   289 ;; *************** function _main *****************
   290 ;; Defined at:
   291 ;;		line 60 in file "newmai4way traffic.c"
   292 ;; Parameters:    Size  Location     Type
   293 ;;		None
   294 ;; Auto vars:     Size  Location     Type
   295 ;;		None
   296 ;; Return value:  Size  Location     Type
   297 ;;                  1    wreg      void 
   298 ;; Registers used:
   299 ;;		wreg, status,2, status,0, pclath, cstack
   300 ;; Tracked objects:
   301 ;;		On entry : B00/0
   302 ;;		On exit  : 0/0
   303 ;;		Unchanged: 0/0
   304 ;; Data sizes:     COMMON   BANK0   BANK1   BANK3   BANK2
   305 ;;      Params:         0       0       0       0       0
   306 ;;      Locals:         0       0       0       0       0
   307 ;;      Temps:          0       0       0       0       0
   308 ;;      Totals:         0       0       0       0       0
   309 ;;Total ram usage:        0 bytes
   310 ;; Hardware stack levels required when called: 2
   311 ;; This function calls:
   312 ;;		_lcd
   313 ;;		_traffic
   314 ;; This function is called by:
   315 ;;		Startup code after reset
   316 ;; This function uses a non-reentrant model
   317 ;;
   318                           
   319                           
   320                           ;psect for function _main
   321  0782                     _main:
   322  0782                     l723:	
   323                           ;incstack = 0
   324                           ; Regs used in _main: [wreg+status,2+status,0+pclath+cstack]
   325                           
   326                           
   327                           ;newmai4way traffic.c: 63:    TRISC=0x00;
   328  0782  1683               	bsf	3,5	;RP0=1, select bank1
   329  0783  1303               	bcf	3,6	;RP1=0, select bank1
   330  0784  0187               	clrf	7	;volatile
   331                           
   332                           ;newmai4way traffic.c: 64:    PORTC=0x00;
   333  0785  1283               	bcf	3,5	;RP0=0, select bank0
   334  0786  1303               	bcf	3,6	;RP1=0, select bank0
   335  0787  0187               	clrf	7	;volatile
   336                           
   337                           ;newmai4way traffic.c: 65:    TRISB=0x00;
   338  0788  1683               	bsf	3,5	;RP0=1, select bank1
   339  0789  1303               	bcf	3,6	;RP1=0, select bank1
   340  078A  0186               	clrf	6	;volatile
   341                           
   342                           ;newmai4way traffic.c: 66:    PORTB=0x00;
   343  078B  1283               	bcf	3,5	;RP0=0, select bank0
   344  078C  1303               	bcf	3,6	;RP1=0, select bank0
   345  078D  0186               	clrf	6	;volatile
   346                           
   347                           ;newmai4way traffic.c: 67:    TRISD=0x00;
   348  078E  1683               	bsf	3,5	;RP0=1, select bank1
   349  078F  1303               	bcf	3,6	;RP1=0, select bank1
   350  0790  0188               	clrf	8	;volatile
   351                           
   352                           ;newmai4way traffic.c: 68:    PORTD=0x00;
   353  0791  1283               	bcf	3,5	;RP0=0, select bank0
   354  0792  1303               	bcf	3,6	;RP1=0, select bank0
   355  0793  0188               	clrf	8	;volatile
   356                           
   357                           ;newmai4way traffic.c: 69:    ANSEL=0x00;
   358  0794  1683               	bsf	3,5	;RP0=1, select bank3
   359  0795  1703               	bsf	3,6	;RP1=1, select bank3
   360  0796  0188               	clrf	8	;volatile
   361                           
   362                           ;newmai4way traffic.c: 70:    ANSELH=0x00;
   363  0797  0189               	clrf	9	;volatile
   364  0798                     l725:
   365                           
   366                           ;newmai4way traffic.c: 71:    lcd(0x38,0);
   367  0798  3038               	movlw	56
   368  0799  00F2               	movwf	lcd@a
   369  079A  3000               	movlw	0
   370  079B  00F3               	movwf	lcd@a+1
   371  079C  3000               	movlw	0
   372  079D  00F4               	movwf	lcd@b
   373  079E  00F5               	movwf	lcd@b+1
   374  079F  120A  118A  270F  120A  118A  	fcall	_lcd
   375  07A4                     l727:
   376                           
   377                           ;newmai4way traffic.c: 72:    lcd(0x0e,0);
   378  07A4  300E               	movlw	14
   379  07A5  00F2               	movwf	lcd@a
   380  07A6  3000               	movlw	0
   381  07A7  00F3               	movwf	lcd@a+1
   382  07A8  3000               	movlw	0
   383  07A9  00F4               	movwf	lcd@b
   384  07AA  00F5               	movwf	lcd@b+1
   385  07AB  120A  118A  270F  120A  118A  	fcall	_lcd
   386  07B0                     l729:
   387                           
   388                           ;newmai4way traffic.c: 73:    lcd(0x80,0);
   389  07B0  3080               	movlw	128
   390  07B1  00F2               	movwf	lcd@a
   391  07B2  3000               	movlw	0
   392  07B3  00F3               	movwf	lcd@a+1
   393  07B4  3000               	movlw	0
   394  07B5  00F4               	movwf	lcd@b
   395  07B6  00F5               	movwf	lcd@b+1
   396  07B7  120A  118A  270F  120A  118A  	fcall	_lcd
   397  07BC                     l731:
   398                           
   399                           ;newmai4way traffic.c: 74:    OPTION_REG=0x07;
   400  07BC  3007               	movlw	7
   401  07BD  1683               	bsf	3,5	;RP0=1, select bank1
   402  07BE  1303               	bcf	3,6	;RP1=0, select bank1
   403  07BF  0081               	movwf	1	;volatile
   404  07C0                     l733:
   405                           
   406                           ;newmai4way traffic.c: 75:    TMR0=38;
   407  07C0  3026               	movlw	38
   408  07C1  1283               	bcf	3,5	;RP0=0, select bank0
   409  07C2  1303               	bcf	3,6	;RP1=0, select bank0
   410  07C3  0081               	movwf	1	;volatile
   411  07C4                     l735:
   412                           
   413                           ;newmai4way traffic.c: 77:    {;newmai4way traffic.c: 78:        if(T0IF==1)
   414  07C4  1D0B               	btfss	11,2	;volatile
   415  07C5  2FC7               	goto	u141
   416  07C6  2FC8               	goto	u140
   417  07C7                     u141:
   418  07C7  2FCF               	goto	l741
   419  07C8                     u140:
   420  07C8                     l737:
   421                           
   422                           ;newmai4way traffic.c: 79:        {;newmai4way traffic.c: 80:            count++;
   423  07C8  3001               	movlw	1
   424  07C9  07F6               	addwf	_count,f
   425  07CA  1803               	skipnc
   426  07CB  0AF7               	incf	_count+1,f
   427  07CC  3000               	movlw	0
   428  07CD  07F7               	addwf	_count+1,f
   429  07CE                     l739:
   430                           
   431                           ;newmai4way traffic.c: 81:            T0IF=0;
   432  07CE  110B               	bcf	11,2	;volatile
   433  07CF                     l741:
   434                           
   435                           ;newmai4way traffic.c: 83:        traffic(20,20);
   436  07CF  3014               	movlw	20
   437  07D0  00F0               	movwf	traffic@c
   438  07D1  3000               	movlw	0
   439  07D2  00F1               	movwf	traffic@c+1
   440  07D3  3014               	movlw	20
   441  07D4  00F2               	movwf	traffic@d
   442  07D5  3000               	movlw	0
   443  07D6  00F3               	movwf	traffic@d+1
   444  07D7  120A  118A  273B  120A  118A  	fcall	_traffic
   445  07DC                     l743:
   446                           
   447                           ;newmai4way traffic.c: 84:        traffic(10,10);
   448  07DC  300A               	movlw	10
   449  07DD  00F0               	movwf	traffic@c
   450  07DE  3000               	movlw	0
   451  07DF  00F1               	movwf	traffic@c+1
   452  07E0  300A               	movlw	10
   453  07E1  00F2               	movwf	traffic@d
   454  07E2  3000               	movlw	0
   455  07E3  00F3               	movwf	traffic@d+1
   456  07E4  120A  118A  273B  120A  118A  	fcall	_traffic
   457  07E9                     l745:
   458                           
   459                           ;newmai4way traffic.c: 85:       traffic(34,40);
   460  07E9  3022               	movlw	34
   461  07EA  00F0               	movwf	traffic@c
   462  07EB  3000               	movlw	0
   463  07EC  00F1               	movwf	traffic@c+1
   464  07ED  3028               	movlw	40
   465  07EE  00F2               	movwf	traffic@d
   466  07EF  3000               	movlw	0
   467  07F0  00F3               	movwf	traffic@d+1
   468  07F1  120A  118A  273B  120A  118A  	fcall	_traffic
   469  07F6  2FC4               	goto	l735
   470  07F7  120A  118A  2800   	ljmp	start
   471  07FA                     __end_of_main:
   472                           
   473                           	psect	text1
   474  073B                     __ptext1:	
   475 ;; *************** function _traffic *****************
   476 ;; Defined at:
   477 ;;		line 40 in file "newmai4way traffic.c"
   478 ;; Parameters:    Size  Location     Type
   479 ;;  c               2    0[COMMON] int 
   480 ;;  d               2    2[COMMON] int 
   481 ;; Auto vars:     Size  Location     Type
   482 ;;		None
   483 ;; Return value:  Size  Location     Type
   484 ;;                  1    wreg      void 
   485 ;; Registers used:
   486 ;;		wreg
   487 ;; Tracked objects:
   488 ;;		On entry : 0/0
   489 ;;		On exit  : 0/0
   490 ;;		Unchanged: 0/0
   491 ;; Data sizes:     COMMON   BANK0   BANK1   BANK3   BANK2
   492 ;;      Params:         4       0       0       0       0
   493 ;;      Locals:         0       0       0       0       0
   494 ;;      Temps:          1       0       0       0       0
   495 ;;      Totals:         5       0       0       0       0
   496 ;;Total ram usage:        5 bytes
   497 ;; Hardware stack levels used: 1
   498 ;; This function calls:
   499 ;;		Nothing
   500 ;; This function is called by:
   501 ;;		_main
   502 ;; This function uses a non-reentrant model
   503 ;;
   504                           
   505                           
   506                           ;psect for function _traffic
   507  073B                     _traffic:
   508  073B                     l709:	
   509                           ;incstack = 0
   510                           ; Regs used in _traffic: [wreg]
   511                           
   512                           
   513                           ;newmai4way traffic.c: 40: void traffic(int c,int d);newmai4way traffic.c: 41: {;newmai4
      +                          way traffic.c: 42:    if(count<=c)
   514  073B  0871               	movf	traffic@c+1,w
   515  073C  3A80               	xorlw	128
   516  073D  00F4               	movwf	??_traffic
   517  073E  0877               	movf	_count+1,w
   518  073F  3A80               	xorlw	128
   519  0740  0274               	subwf	??_traffic,w
   520  0741  1D03               	skipz
   521  0742  2F45               	goto	u105
   522  0743  0876               	movf	_count,w
   523  0744  0270               	subwf	traffic@c,w
   524  0745                     u105:
   525  0745  1C03               	skipc
   526  0746  2F48               	goto	u101
   527  0747  2F49               	goto	u100
   528  0748                     u101:
   529  0748  2F4D               	goto	l713
   530  0749                     u100:
   531  0749                     l711:
   532                           
   533                           ;newmai4way traffic.c: 43:    {;newmai4way traffic.c: 44:        RC6=1;
   534  0749  1283               	bcf	3,5	;RP0=0, select bank0
   535  074A  1303               	bcf	3,6	;RP1=0, select bank0
   536  074B  1707               	bsf	7,6	;volatile
   537                           
   538                           ;newmai4way traffic.c: 45:        RC5=1;
   539  074C  1687               	bsf	7,5	;volatile
   540  074D                     l713:
   541                           
   542                           ;newmai4way traffic.c: 47:    if(count>c&&count<d)
   543  074D  0871               	movf	traffic@c+1,w
   544  074E  3A80               	xorlw	128
   545  074F  00F4               	movwf	??_traffic
   546  0750  0877               	movf	_count+1,w
   547  0751  3A80               	xorlw	128
   548  0752  0274               	subwf	??_traffic,w
   549  0753  1D03               	skipz
   550  0754  2F57               	goto	u115
   551  0755  0876               	movf	_count,w
   552  0756  0270               	subwf	traffic@c,w
   553  0757                     u115:
   554  0757  1803               	skipnc
   555  0758  2F5A               	goto	u111
   556  0759  2F5B               	goto	u110
   557  075A                     u111:
   558  075A  2F6F               	goto	l719
   559  075B                     u110:
   560  075B                     l715:
   561  075B  0877               	movf	_count+1,w
   562  075C  3A80               	xorlw	128
   563  075D  00F4               	movwf	??_traffic
   564  075E  0873               	movf	traffic@d+1,w
   565  075F  3A80               	xorlw	128
   566  0760  0274               	subwf	??_traffic,w
   567  0761  1D03               	skipz
   568  0762  2F65               	goto	u125
   569  0763  0872               	movf	traffic@d,w
   570  0764  0276               	subwf	_count,w
   571  0765                     u125:
   572  0765  1803               	skipnc
   573  0766  2F68               	goto	u121
   574  0767  2F69               	goto	u120
   575  0768                     u121:
   576  0768  2F6F               	goto	l719
   577  0769                     u120:
   578  0769                     l717:
   579                           
   580                           ;newmai4way traffic.c: 48:    {;newmai4way traffic.c: 49:        RC6=0;
   581  0769  1283               	bcf	3,5	;RP0=0, select bank0
   582  076A  1303               	bcf	3,6	;RP1=0, select bank0
   583  076B  1307               	bcf	7,6	;volatile
   584                           
   585                           ;newmai4way traffic.c: 50:        RC5=0;
   586  076C  1287               	bcf	7,5	;volatile
   587                           
   588                           ;newmai4way traffic.c: 51:        RC7=1;
   589  076D  1787               	bsf	7,7	;volatile
   590                           
   591                           ;newmai4way traffic.c: 52:        RC4=1;
   592  076E  1607               	bsf	7,4	;volatile
   593  076F                     l719:
   594                           
   595                           ;newmai4way traffic.c: 54:    if(count>d)
   596  076F  0873               	movf	traffic@d+1,w
   597  0770  3A80               	xorlw	128
   598  0771  00F4               	movwf	??_traffic
   599  0772  0877               	movf	_count+1,w
   600  0773  3A80               	xorlw	128
   601  0774  0274               	subwf	??_traffic,w
   602  0775  1D03               	skipz
   603  0776  2F79               	goto	u135
   604  0777  0876               	movf	_count,w
   605  0778  0272               	subwf	traffic@d,w
   606  0779                     u135:
   607  0779  1803               	skipnc
   608  077A  2F7C               	goto	u131
   609  077B  2F7D               	goto	u130
   610  077C                     u131:
   611  077C  2F81               	goto	l52
   612  077D                     u130:
   613  077D                     l721:
   614                           
   615                           ;newmai4way traffic.c: 55:    {;newmai4way traffic.c: 56:       RC6=0;
   616  077D  1283               	bcf	3,5	;RP0=0, select bank0
   617  077E  1303               	bcf	3,6	;RP1=0, select bank0
   618  077F  1307               	bcf	7,6	;volatile
   619                           
   620                           ;newmai4way traffic.c: 57:        RC5=0;
   621  0780  1287               	bcf	7,5	;volatile
   622  0781                     l52:
   623  0781  0008               	return
   624  0782                     __end_of_traffic:
   625                           
   626                           	psect	text2
   627  070F                     __ptext2:	
   628 ;; *************** function _lcd *****************
   629 ;; Defined at:
   630 ;;		line 33 in file "newmai4way traffic.c"
   631 ;; Parameters:    Size  Location     Type
   632 ;;  a               2    2[COMMON] int 
   633 ;;  b               2    4[COMMON] int 
   634 ;; Auto vars:     Size  Location     Type
   635 ;;		None
   636 ;; Return value:  Size  Location     Type
   637 ;;                  1    wreg      void 
   638 ;; Registers used:
   639 ;;		wreg, status,2, status,0, pclath, cstack
   640 ;; Tracked objects:
   641 ;;		On entry : 0/0
   642 ;;		On exit  : 0/0
   643 ;;		Unchanged: 0/0
   644 ;; Data sizes:     COMMON   BANK0   BANK1   BANK3   BANK2
   645 ;;      Params:         4       0       0       0       0
   646 ;;      Locals:         0       0       0       0       0
   647 ;;      Temps:          0       0       0       0       0
   648 ;;      Totals:         4       0       0       0       0
   649 ;;Total ram usage:        4 bytes
   650 ;; Hardware stack levels used: 1
   651 ;; Hardware stack levels required when called: 1
   652 ;; This function calls:
   653 ;;		_pulse
   654 ;; This function is called by:
   655 ;;		_main
   656 ;; This function uses a non-reentrant model
   657 ;;
   658                           
   659                           
   660                           ;psect for function _lcd
   661  070F                     _lcd:
   662  070F                     l703:	
   663                           ;incstack = 0
   664                           ; Regs used in _lcd: [wreg+status,2+status,0+pclath+cstack]
   665                           
   666                           
   667                           ;newmai4way traffic.c: 33: void lcd(int a,int b);newmai4way traffic.c: 34: {;newmai4way 
      +                          traffic.c: 35:   RD5=b;
   668  070F  1874               	btfsc	lcd@b,0
   669  0710  2F12               	goto	u81
   670  0711  2F16               	goto	u80
   671  0712                     u81:
   672  0712  1283               	bcf	3,5	;RP0=0, select bank0
   673  0713  1303               	bcf	3,6	;RP1=0, select bank0
   674  0714  1688               	bsf	8,5	;volatile
   675  0715  2F19               	goto	u94
   676  0716                     u80:
   677  0716  1283               	bcf	3,5	;RP0=0, select bank0
   678  0717  1303               	bcf	3,6	;RP1=0, select bank0
   679  0718  1288               	bcf	8,5	;volatile
   680  0719                     u94:
   681                           
   682                           ;newmai4way traffic.c: 36:   RD6=0;
   683  0719  1308               	bcf	8,6	;volatile
   684  071A                     l705:
   685                           
   686                           ;newmai4way traffic.c: 37:   PORTB=a;
   687  071A  0872               	movf	lcd@a,w
   688  071B  0086               	movwf	6	;volatile
   689  071C                     l707:
   690                           
   691                           ;newmai4way traffic.c: 38:   pulse();
   692  071C  120A  118A  2722  120A  118A  	fcall	_pulse
   693  0721                     l46:
   694  0721  0008               	return
   695  0722                     __end_of_lcd:
   696                           
   697                           	psect	text3
   698  0722                     __ptext3:	
   699 ;; *************** function _pulse *****************
   700 ;; Defined at:
   701 ;;		line 26 in file "newmai4way traffic.c"
   702 ;; Parameters:    Size  Location     Type
   703 ;;		None
   704 ;; Auto vars:     Size  Location     Type
   705 ;;		None
   706 ;; Return value:  Size  Location     Type
   707 ;;                  1    wreg      void 
   708 ;; Registers used:
   709 ;;		wreg
   710 ;; Tracked objects:
   711 ;;		On entry : 0/0
   712 ;;		On exit  : 0/0
   713 ;;		Unchanged: 0/0
   714 ;; Data sizes:     COMMON   BANK0   BANK1   BANK3   BANK2
   715 ;;      Params:         0       0       0       0       0
   716 ;;      Locals:         0       0       0       0       0
   717 ;;      Temps:          2       0       0       0       0
   718 ;;      Totals:         2       0       0       0       0
   719 ;;Total ram usage:        2 bytes
   720 ;; Hardware stack levels used: 1
   721 ;; This function calls:
   722 ;;		Nothing
   723 ;; This function is called by:
   724 ;;		_lcd
   725 ;; This function uses a non-reentrant model
   726 ;;
   727                           
   728                           
   729                           ;psect for function _pulse
   730  0722                     _pulse:
   731  0722                     l653:	
   732                           ;incstack = 0
   733                           ; Regs used in _pulse: [wreg]
   734                           
   735                           
   736                           ;newmai4way traffic.c: 28:     RD7=1;
   737  0722  1283               	bcf	3,5	;RP0=0, select bank0
   738  0723  1303               	bcf	3,6	;RP1=0, select bank0
   739  0724  1788               	bsf	8,7	;volatile
   740  0725                     l655:
   741                           
   742                           ;newmai4way traffic.c: 29:     _delay((unsigned long)((10)*(4000000/4000.0)));
   743  0725  300D               	movlw	13
   744  0726  00F1               	movwf	??_pulse+1
   745  0727  30FB               	movlw	251
   746  0728  00F0               	movwf	??_pulse
   747  0729                     u157:
   748  0729  0BF0               	decfsz	??_pulse,f
   749  072A  2F29               	goto	u157
   750  072B  0BF1               	decfsz	??_pulse+1,f
   751  072C  2F29               	goto	u157
   752  072D  2F2E               	nop2
   753  072E                     l657:
   754                           
   755                           ;newmai4way traffic.c: 30:     RD7=0;
   756  072E  1283               	bcf	3,5	;RP0=0, select bank0
   757  072F  1303               	bcf	3,6	;RP1=0, select bank0
   758  0730  1388               	bcf	8,7	;volatile
   759                           
   760                           ;newmai4way traffic.c: 31:     _delay((unsigned long)((10)*(4000000/4000.0)));
   761  0731  300D               	movlw	13
   762  0732  00F1               	movwf	??_pulse+1
   763  0733  30FB               	movlw	251
   764  0734  00F0               	movwf	??_pulse
   765  0735                     u167:
   766  0735  0BF0               	decfsz	??_pulse,f
   767  0736  2F35               	goto	u167
   768  0737  0BF1               	decfsz	??_pulse+1,f
   769  0738  2F35               	goto	u167
   770  0739  2F3A               	nop2
   771  073A                     l43:
   772  073A  0008               	return
   773  073B                     __end_of_pulse:
   774  007E                     btemp	set	126	;btemp
   775  007E                     wtemp0	set	126

Data Sizes:
    Strings     0
    Constant    0
    Data        0
    BSS         2
    Persistent  0
    Stack       0

Auto Spaces:
    Space          Size  Autos    Used
    COMMON           14      6       8
    BANK0            80      0       0
    BANK1            80      0       0
    BANK3            96      0       0
    BANK2            96      0       0

Pointer List with Targets:

    None.

Critical Paths under _main in COMMON

    _main->_lcd
    _lcd->_pulse

Critical Paths under _main in BANK0

    None.

Critical Paths under _main in BANK1

    None.

Critical Paths under _main in BANK3

    None.

Critical Paths under _main in BANK2

    None.

Call Graph Tables:

 ---------------------------------------------------------------------------------
 (Depth) Function   	        Calls       Base Space   Used Autos Params    Refs
 ---------------------------------------------------------------------------------
 (0) _main                                                 0     0      0    1044
                                _lcd
                            _traffic
 ---------------------------------------------------------------------------------
 (1) _traffic                                              5     1      4     544
                                              0 COMMON     5     1      4
 ---------------------------------------------------------------------------------
 (1) _lcd                                                  4     0      4     500
                                              2 COMMON     4     0      4
                              _pulse
 ---------------------------------------------------------------------------------
 (2) _pulse                                                2     2      0       0
                                              0 COMMON     2     2      0
 ---------------------------------------------------------------------------------
 Estimated maximum stack depth 2
 ---------------------------------------------------------------------------------

 Call Graph Graphs:

 _main (ROOT)
   _lcd
     _pulse
   _traffic

 Address spaces:
Name               Size   Autos  Total    Cost      Usage
BITCOMMON            E      0       0       0        0.0%
EEDATA             100      0       0       0        0.0%
NULL                 0      0       0       0        0.0%
CODE                 0      0       0       0        0.0%
COMMON               E      6       8       1       57.1%
BITSFR0              0      0       0       1        0.0%
SFR0                 0      0       0       1        0.0%
BITSFR1              0      0       0       2        0.0%
SFR1                 0      0       0       2        0.0%
STACK                0      0       0       2        0.0%
ABS                  0      0       8       3        0.0%
BITBANK0            50      0       0       4        0.0%
BITSFR3              0      0       0       4        0.0%
SFR3                 0      0       0       4        0.0%
BANK0               50      0       0       5        0.0%
BITSFR2              0      0       0       5        0.0%
SFR2                 0      0       0       5        0.0%
BITBANK1            50      0       0       6        0.0%
BANK1               50      0       0       7        0.0%
BITBANK3            60      0       0       8        0.0%
BANK3               60      0       0       9        0.0%
BITBANK2            60      0       0      10        0.0%
BANK2               60      0       0      11        0.0%
DATA                 0      0       8      12        0.0%


Microchip Technology PIC Macro Assembler V2.32 build 20210201212658 
Symbol Table                                                                                   Tue Mar 28 15:56:13 2023

                     l43 073A                       l52 0781                       l46 0721  
                     u80 0716                       u81 0712                       u94 0719  
                    l703 070F                      l711 0749                      l705 071A  
                    l721 077D                      l713 074D                      l707 071C  
                    l715 075B                      l731 07BC                      l723 0782  
                    l653 0722                      l717 0769                      l709 073B  
                    l741 07CF                      l733 07C0                      l725 0798  
                    l655 0725                      l719 076F                      l743 07DC  
                    l735 07C4                      l727 07A4                      l657 072E  
                    l745 07E9                      l737 07C8                      l729 07B0  
                    l739 07CE                      _RC4 003C                      _RC5 003D  
                    u100 0749                      _RC6 003E                      u101 0748  
                    _RD5 0045                      _RC7 003F                      u110 075B  
                    _RD6 0046                      u111 075A                      _RD7 0047  
                    u120 0769                      u121 0768                      u105 0745  
                    u130 077D                      u131 077C                      u115 0757  
                    u140 07C8                      u125 0765                      u141 07C7  
                    u135 0779                      u157 0729                      u167 0735  
                    _lcd 070F                     ?_lcd 0072                     _T0IF 005A  
                   _TMR0 0001                     _main 0782                     lcd@a 0072  
                   lcd@b 0074                     btemp 007E                     start 0000  
                  ??_lcd 0076                    ?_main 0070                    _ANSEL 0188  
                  _PORTB 0006                    _PORTC 0007                    _PORTD 0008  
                  _TRISB 0086                    _TRISC 0087                    _TRISD 0088  
                  _count 0076                    _pulse 0722          __end_of_traffic 0782  
                  status 0003                    wtemp0 007E          __initialization 07FA  
           __end_of_main 07FA                   ??_main 0076                   ?_pulse 0070  
                 _ANSELH 0189                ??_traffic 0074  __end_of__initialization 07FC  
         __pcstackCOMMON 0070            __end_of_pulse 073B                  ??_pulse 0070  
             __pmaintext 0782                  __ptext1 073B                  __ptext2 070F  
                __ptext3 0722             __size_of_lcd 0013                  _traffic 073B  
   end_of_initialization 07FC      start_initialization 07FA              __end_of_lcd 0722  
            __pbssCOMMON 0076                ___latbits 0002                 ?_traffic 0070  
         __size_of_pulse 0019         __size_of_traffic 0047            __size_of_main 0078  
               traffic@c 0070                 traffic@d 0072               _OPTION_REG 0081  
