

Microchip MPLAB XC8 Assembler V2.32 build 20210201212658 
                                                                                               Thu Mar 16 15:46:27 2023

Microchip MPLAB XC8 C Compiler v2.32 (Free license) build 20210201212658 Og1 
     1                           	processor	16F887
     2                           	pagewidth 120
     3                           	opt	flic
     4                           	psect	idataBANK0,global,class=CODE,delta=2,noexec
     5                           	psect	cinit,global,class=CODE,merge=1,delta=2
     6                           	psect	dataBANK0,global,class=BANK0,space=1,delta=1,noexec
     7                           	psect	inittext,global,class=CODE,delta=2
     8                           	psect	cstackCOMMON,global,class=COMMON,space=1,delta=1,noexec
     9                           	psect	cstackBANK0,global,class=BANK0,space=1,delta=1,noexec
    10                           	psect	maintext,global,class=CODE,split=1,delta=2
    11                           	dabs	1,0x7E,2
    12  0000                     
    13                           ; Version 2.20
    14                           ; Generated 12/02/2020 GMT
    15                           ; 
    16                           ; Copyright © 2020, Microchip Technology Inc. and its subsidiaries ("Microchip")
    17                           ; All rights reserved.
    18                           ; 
    19                           ; This software is developed by Microchip Technology Inc. and its subsidiaries ("Microch
      +                          ip").
    20                           ; 
    21                           ; Redistribution and use in source and binary forms, with or without modification, are
    22                           ; permitted provided that the following conditions are met:
    23                           ; 
    24                           ;     1. Redistributions of source code must retain the above copyright notice, this lis
      +                          t of
    25                           ;        conditions and the following disclaimer.
    26                           ; 
    27                           ;     2. Redistributions in binary form must reproduce the above copyright notice, this 
      +                          list
    28                           ;        of conditions and the following disclaimer in the documentation and/or other
    29                           ;        materials provided with the distribution.
    30                           ; 
    31                           ;     3. Microchip's name may not be used to endorse or promote products derived from th
      +                          is
    32                           ;        software without specific prior written permission.
    33                           ; 
    34                           ; THIS SOFTWARE IS PROVIDED BY MICROCHIP "AS IS" AND ANY EXPRESS OR IMPLIED WARRANTIES,
    35                           ; INCLUDING, BUT NOT LIMITED TO, THE IMPLIED WARRANTIES OF MERCHANTABILITY AND FITNESS F
      +                          OR
    36                           ; PURPOSE ARE DISCLAIMED.  IN NO EVENT SHALL MICROCHIP BE LIABLE FOR ANY DIRECT, INDIREC
      +                          T,
    37                           ; INCIDENTAL, SPECIAL, EXEMPLARY, OR CONSEQUENTIAL DAMAGES (INCLUDING BUT NOT LIMITED TO
    38                           ; PROCUREMENT OF SUBSTITUTE GOODS OR SERVICES; LOSS OF USE, DATA OR PROFITS; OR BUSINESS
    39                           ; INTERRUPTION) HOWSOEVER CAUSED AND ON ANY THEORY OF LIABILITY, WHETHER IN CONTRACT, ST
      +                          RICT
    40                           ; LIABILITY, OR TORT (INCLUDING NEGLIGENCE OR OTHERWISE) ARISING IN ANY WAY OUT OF THE U
      +                          SE OF
    41                           ; THIS SOFTWARE, EVEN IF ADVISED OF THE POSSIBILITY OF SUCH DAMAGE.
    42                           ; 
    43                           ; 
    44                           ; Code-generator required, PIC16F887 Definitions
    45                           ; 
    46                           ; SFR Addresses
    47  0000                     	;# 
    48  0001                     	;# 
    49  0002                     	;# 
    50  0003                     	;# 
    51  0004                     	;# 
    52  0005                     	;# 
    53  0006                     	;# 
    54  0007                     	;# 
    55  0008                     	;# 
    56  0009                     	;# 
    57  000A                     	;# 
    58  000B                     	;# 
    59  000C                     	;# 
    60  000D                     	;# 
    61  000E                     	;# 
    62  000E                     	;# 
    63  000F                     	;# 
    64  0010                     	;# 
    65  0011                     	;# 
    66  0012                     	;# 
    67  0013                     	;# 
    68  0014                     	;# 
    69  0015                     	;# 
    70  0015                     	;# 
    71  0016                     	;# 
    72  0017                     	;# 
    73  0018                     	;# 
    74  0019                     	;# 
    75  001A                     	;# 
    76  001B                     	;# 
    77  001B                     	;# 
    78  001C                     	;# 
    79  001D                     	;# 
    80  001E                     	;# 
    81  001F                     	;# 
    82  0081                     	;# 
    83  0085                     	;# 
    84  0086                     	;# 
    85  0087                     	;# 
    86  0088                     	;# 
    87  0089                     	;# 
    88  008C                     	;# 
    89  008D                     	;# 
    90  008E                     	;# 
    91  008F                     	;# 
    92  0090                     	;# 
    93  0091                     	;# 
    94  0092                     	;# 
    95  0093                     	;# 
    96  0093                     	;# 
    97  0093                     	;# 
    98  0094                     	;# 
    99  0095                     	;# 
   100  0096                     	;# 
   101  0097                     	;# 
   102  0098                     	;# 
   103  0099                     	;# 
   104  009A                     	;# 
   105  009B                     	;# 
   106  009C                     	;# 
   107  009D                     	;# 
   108  009E                     	;# 
   109  009F                     	;# 
   110  0105                     	;# 
   111  0107                     	;# 
   112  0108                     	;# 
   113  0109                     	;# 
   114  010C                     	;# 
   115  010C                     	;# 
   116  010D                     	;# 
   117  010E                     	;# 
   118  010F                     	;# 
   119  0185                     	;# 
   120  0187                     	;# 
   121  0188                     	;# 
   122  0189                     	;# 
   123  018C                     	;# 
   124  018D                     	;# 
   125  0000                     	;# 
   126  0001                     	;# 
   127  0002                     	;# 
   128  0003                     	;# 
   129  0004                     	;# 
   130  0005                     	;# 
   131  0006                     	;# 
   132  0007                     	;# 
   133  0008                     	;# 
   134  0009                     	;# 
   135  000A                     	;# 
   136  000B                     	;# 
   137  000C                     	;# 
   138  000D                     	;# 
   139  000E                     	;# 
   140  000E                     	;# 
   141  000F                     	;# 
   142  0010                     	;# 
   143  0011                     	;# 
   144  0012                     	;# 
   145  0013                     	;# 
   146  0014                     	;# 
   147  0015                     	;# 
   148  0015                     	;# 
   149  0016                     	;# 
   150  0017                     	;# 
   151  0018                     	;# 
   152  0019                     	;# 
   153  001A                     	;# 
   154  001B                     	;# 
   155  001B                     	;# 
   156  001C                     	;# 
   157  001D                     	;# 
   158  001E                     	;# 
   159  001F                     	;# 
   160  0081                     	;# 
   161  0085                     	;# 
   162  0086                     	;# 
   163  0087                     	;# 
   164  0088                     	;# 
   165  0089                     	;# 
   166  008C                     	;# 
   167  008D                     	;# 
   168  008E                     	;# 
   169  008F                     	;# 
   170  0090                     	;# 
   171  0091                     	;# 
   172  0092                     	;# 
   173  0093                     	;# 
   174  0093                     	;# 
   175  0093                     	;# 
   176  0094                     	;# 
   177  0095                     	;# 
   178  0096                     	;# 
   179  0097                     	;# 
   180  0098                     	;# 
   181  0099                     	;# 
   182  009A                     	;# 
   183  009B                     	;# 
   184  009C                     	;# 
   185  009D                     	;# 
   186  009E                     	;# 
   187  009F                     	;# 
   188  0105                     	;# 
   189  0107                     	;# 
   190  0108                     	;# 
   191  0109                     	;# 
   192  010C                     	;# 
   193  010C                     	;# 
   194  010D                     	;# 
   195  010E                     	;# 
   196  010F                     	;# 
   197  0185                     	;# 
   198  0187                     	;# 
   199  0188                     	;# 
   200  0189                     	;# 
   201  018C                     	;# 
   202  018D                     	;# 
   203                           
   204                           	psect	idataBANK0
   205  06E0                     __pidataBANK0:
   206                           
   207                           ;initializer for main@F1269
   208  06E0  343F               	retlw	63
   209  06E1  3406               	retlw	6
   210  06E2  345B               	retlw	91
   211  06E3  344F               	retlw	79
   212  06E4  3466               	retlw	102
   213  06E5  346D               	retlw	109
   214  06E6  347D               	retlw	125
   215  06E7  3407               	retlw	7
   216  06E8  347F               	retlw	127
   217  06E9  346F               	retlw	111
   218  0008                     _PORTD	set	8
   219  0007                     _PORTC	set	7
   220  0005                     _PORTA	set	5
   221  0040                     _RD0	set	64
   222  0041                     _RD1	set	65
   223  0029                     _RA1	set	41
   224  0028                     _RA0	set	40
   225  0088                     _TRISD	set	136
   226  0087                     _TRISC	set	135
   227  0085                     _TRISA	set	133
   228  0189                     _ANSELH	set	393
   229  0188                     _ANSEL	set	392
   230                           
   231                           	psect	cinit
   232  07EE                     start_initialization:	
   233                           ; #config settings
   234                           
   235  07EE                     __initialization:
   236                           
   237                           ; Initialize objects allocated to BANK0
   238  07EE  1383               	bcf	3,7	;select IRP bank0
   239  07EF  303C               	movlw	low (__pdataBANK0+10)
   240  07F0  00FD               	movwf	btemp+-1
   241  07F1  3006               	movlw	high __pidataBANK0
   242  07F2  00FE               	movwf	btemp
   243  07F3  30E0               	movlw	low __pidataBANK0
   244  07F4  00FF               	movwf	btemp+1
   245  07F5  3032               	movlw	low __pdataBANK0
   246  07F6  0084               	movwf	4
   247  07F7  120A  118A  26EE  120A  118A  	fcall	init_ram0
   248  07FC                     end_of_initialization:	
   249                           ;End of C runtime variable initialization code
   250                           
   251  07FC                     __end_of__initialization:
   252  07FC  0183               	clrf	3
   253  07FD  120A  118A  2EFD   	ljmp	_main	;jump to C main() function
   254                           
   255                           	psect	dataBANK0
   256  0032                     __pdataBANK0:
   257  0032                     main@F1269:
   258  0032                     	ds	10
   259                           
   260                           	psect	inittext
   261  06EA                     init_fetch0:	
   262                           ;	Called with low address in FSR and high address in W
   263                           
   264  06EA  087E               	movf	btemp,w
   265  06EB  008A               	movwf	10
   266  06EC  087F               	movf	btemp+1,w
   267  06ED  0082               	movwf	2
   268  06EE                     init_ram0:	
   269                           ;Called with:
   270                           ;	high address of idata address in btemp 
   271                           ;	low address of idata address in btemp+1 
   272                           ;	low address of data in FSR
   273                           ;	high address + 1 of data in btemp-1
   274                           
   275  06EE  120A  118A  26EA  120A  118A  	fcall	init_fetch0
   276  06F3  0080               	movwf	0
   277  06F4  0A84               	incf	4,f
   278  06F5  0804               	movf	4,w
   279  06F6  067D               	xorwf	btemp+-1,w
   280  06F7  1903               	btfsc	3,2
   281  06F8  3400               	retlw	0
   282  06F9  0AFF               	incf	btemp+1,f
   283  06FA  1903               	btfsc	3,2
   284  06FB  0AFE               	incf	btemp,f
   285  06FC  2EEE               	goto	init_ram0
   286                           
   287                           	psect	cstackCOMMON
   288  0070                     __pcstackCOMMON:
   289  0070                     ?_main:
   290  0070                     ??_main:	
   291                           ; 1 bytes @ 0x0
   292                           
   293                           
   294                           ; 1 bytes @ 0x0
   295  0070                     	ds	4
   296                           
   297                           	psect	cstackBANK0
   298  0020                     __pcstackBANK0:
   299  0020                     main@cc:
   300                           
   301                           ; 10 bytes @ 0x0
   302  0020                     	ds	10
   303  002A                     main@k:
   304                           
   305                           ; 2 bytes @ 0xA
   306  002A                     	ds	2
   307  002C                     main@m:
   308                           
   309                           ; 2 bytes @ 0xC
   310  002C                     	ds	2
   311  002E                     main@i:
   312                           
   313                           ; 2 bytes @ 0xE
   314  002E                     	ds	2
   315  0030                     main@j:
   316                           
   317                           ; 2 bytes @ 0x10
   318  0030                     	ds	2
   319                           
   320                           	psect	maintext
   321  06FD                     __pmaintext:	
   322 ;;
   323 ;;Main: autosize = 0, tempsize = 4, incstack = 0, save=0
   324 ;;
   325 ;; *************** function _main *****************
   326 ;; Defined at:
   327 ;;		line 11 in file "two digit.c"
   328 ;; Parameters:    Size  Location     Type
   329 ;;		None
   330 ;; Auto vars:     Size  Location     Type
   331 ;;  cc             10    0[BANK0 ] unsigned char [10]
   332 ;;  j               2   16[BANK0 ] int 
   333 ;;  i               2   14[BANK0 ] int 
   334 ;;  m               2   12[BANK0 ] int 
   335 ;;  k               2   10[BANK0 ] int 
   336 ;; Return value:  Size  Location     Type
   337 ;;                  1    wreg      void 
   338 ;; Registers used:
   339 ;;		wreg, fsr0l, fsr0h, status,2, status,0, btemp+1
   340 ;; Tracked objects:
   341 ;;		On entry : B00/0
   342 ;;		On exit  : 0/0
   343 ;;		Unchanged: 0/0
   344 ;; Data sizes:     COMMON   BANK0   BANK1   BANK3   BANK2
   345 ;;      Params:         0       0       0       0       0
   346 ;;      Locals:         0      18       0       0       0
   347 ;;      Temps:          4       0       0       0       0
   348 ;;      Totals:         4      18       0       0       0
   349 ;;Total ram usage:       22 bytes
   350 ;; This function calls:
   351 ;;		Nothing
   352 ;; This function is called by:
   353 ;;		Startup code after reset
   354 ;; This function uses a non-reentrant model
   355 ;;
   356                           
   357                           
   358                           ;psect for function _main
   359  06FD                     _main:
   360  06FD                     l732:	
   361                           ;incstack = 0
   362                           ; Regs used in _main: [wreg-fsr0h+status,2+status,0+btemp+1]
   363                           
   364                           
   365                           ;two digit.c: 13:     int i,j,k,m;;two digit.c: 14:     char cc[10]={0x3F,0x06,0x5B,0x4F
      +                          ,0x66,0x6D,0x7D,0x07,0x7F,0x6F};
   366  06FD  3020               	movlw	main@cc& (0+255)
   367  06FE  0084               	movwf	4
   368  06FF  3032               	movlw	low main@F1269
   369  0700  00F0               	movwf	??_main
   370  0701  0804               	movf	4,w
   371  0702  00F1               	movwf	??_main+1
   372  0703  300A               	movlw	10
   373  0704  00F2               	movwf	??_main+2
   374  0705                     u140:
   375  0705  0870               	movf	??_main,w
   376  0706  0084               	movwf	4
   377  0707  1383               	bcf	3,7	;select IRP bank0
   378  0708  0800               	movf	0,w
   379  0709  00F3               	movwf	??_main+3
   380  070A  0AF0               	incf	??_main,f
   381  070B  0871               	movf	??_main+1,w
   382  070C  0084               	movwf	4
   383  070D  0873               	movf	??_main+3,w
   384  070E  0080               	movwf	0
   385  070F  0AF1               	incf	??_main+1,f
   386  0710  0BF2               	decfsz	??_main+2,f
   387  0711  2F05               	goto	u140
   388  0712                     l734:
   389                           
   390                           ;two digit.c: 16:     TRISA=0x01;
   391  0712  3001               	movlw	1
   392  0713  1683               	bsf	3,5	;RP0=1, select bank1
   393  0714  1303               	bcf	3,6	;RP1=0, select bank1
   394  0715  0085               	movwf	5	;volatile
   395  0716                     l736:
   396                           
   397                           ;two digit.c: 17:     PORTA=0x00;
   398  0716  1283               	bcf	3,5	;RP0=0, select bank0
   399  0717  1303               	bcf	3,6	;RP1=0, select bank0
   400  0718  0185               	clrf	5	;volatile
   401  0719                     l738:
   402                           
   403                           ;two digit.c: 18:     TRISC=0x00;
   404  0719  1683               	bsf	3,5	;RP0=1, select bank1
   405  071A  1303               	bcf	3,6	;RP1=0, select bank1
   406  071B  0187               	clrf	7	;volatile
   407  071C                     l740:
   408                           
   409                           ;two digit.c: 19:     PORTC=0x00;
   410  071C  1283               	bcf	3,5	;RP0=0, select bank0
   411  071D  1303               	bcf	3,6	;RP1=0, select bank0
   412  071E  0187               	clrf	7	;volatile
   413  071F                     l742:
   414                           
   415                           ;two digit.c: 20:     TRISD=0x00;
   416  071F  1683               	bsf	3,5	;RP0=1, select bank1
   417  0720  1303               	bcf	3,6	;RP1=0, select bank1
   418  0721  0188               	clrf	8	;volatile
   419  0722                     l744:
   420                           
   421                           ;two digit.c: 21:     PORTD=0x00;
   422  0722  1283               	bcf	3,5	;RP0=0, select bank0
   423  0723  1303               	bcf	3,6	;RP1=0, select bank0
   424  0724  0188               	clrf	8	;volatile
   425  0725                     l746:
   426                           
   427                           ;two digit.c: 22:     ANSEL=0x00;
   428  0725  1683               	bsf	3,5	;RP0=1, select bank3
   429  0726  1703               	bsf	3,6	;RP1=1, select bank3
   430  0727  0188               	clrf	8	;volatile
   431  0728                     l748:
   432                           
   433                           ;two digit.c: 23:     ANSELH=0x00;
   434  0728  0189               	clrf	9	;volatile
   435  0729                     l750:
   436                           
   437                           ;two digit.c: 25:     {;two digit.c: 26:      if((RA0==1)&&(RA1==0))
   438  0729  1283               	bcf	3,5	;RP0=0, select bank0
   439  072A  1303               	bcf	3,6	;RP1=0, select bank0
   440  072B  1C05               	btfss	5,0	;volatile
   441  072C  2F2E               	goto	u151
   442  072D  2F2F               	goto	u150
   443  072E                     u151:
   444  072E  2F9B               	goto	l34
   445  072F                     u150:
   446  072F                     l752:
   447  072F  1885               	btfsc	5,1	;volatile
   448  0730  2F32               	goto	u161
   449  0731  2F33               	goto	u160
   450  0732                     u161:
   451  0732  2F9B               	goto	l34
   452  0733                     u160:
   453  0733                     l754:
   454                           
   455                           ;two digit.c: 27:      {;two digit.c: 28:         for(i=0;i<10;i++)
   456  0733  01AE               	clrf	main@i
   457  0734  01AF               	clrf	main@i+1
   458  0735                     l760:
   459                           
   460                           ;two digit.c: 29:         {;two digit.c: 30:             for(j=0;j<10;j++)
   461  0735  1283               	bcf	3,5	;RP0=0, select bank0
   462  0736  1303               	bcf	3,6	;RP1=0, select bank0
   463  0737  01B0               	clrf	main@j
   464  0738  01B1               	clrf	main@j+1
   465  0739                     l37:
   466                           
   467                           ;two digit.c: 31:             {;two digit.c: 32:                 RD1=1;RD0=0;
   468  0739  1283               	bcf	3,5	;RP0=0, select bank0
   469  073A  1303               	bcf	3,6	;RP1=0, select bank0
   470  073B  1488               	bsf	8,1	;volatile
   471  073C  1008               	bcf	8,0	;volatile
   472  073D                     l766:
   473                           
   474                           ;two digit.c: 33:                 PORTC=cc[i];
   475  073D  082E               	movf	main@i,w
   476  073E  3E20               	addlw	(low (main@cc| 0))& (0+255)
   477  073F  0084               	movwf	4
   478  0740  1383               	bcf	3,7	;select IRP bank0
   479  0741  0800               	movf	0,w
   480  0742  0087               	movwf	7	;volatile
   481  0743                     l768:
   482                           
   483                           ;two digit.c: 34:                 _delay((unsigned long)((7000)*(40000/4000.0)));
   484  0743  305B               	movlw	91
   485  0744  00F1               	movwf	??_main+1
   486  0745  30E7               	movlw	231
   487  0746  00F0               	movwf	??_main
   488  0747                     u277:
   489  0747  0BF0               	decfsz	??_main,f
   490  0748  2F47               	goto	u277
   491  0749  0BF1               	decfsz	??_main+1,f
   492  074A  2F47               	goto	u277
   493  074B  2F4C               	nop2
   494  074C                     l770:
   495                           
   496                           ;two digit.c: 35:                 RD0=1;RD1=0;
   497  074C  1283               	bcf	3,5	;RP0=0, select bank0
   498  074D  1303               	bcf	3,6	;RP1=0, select bank0
   499  074E  1408               	bsf	8,0	;volatile
   500  074F                     l772:
   501  074F  1088               	bcf	8,1	;volatile
   502  0750                     l774:
   503                           
   504                           ;two digit.c: 36:                 PORTC=cc[j];
   505  0750  0830               	movf	main@j,w
   506  0751  3E20               	addlw	(low (main@cc| 0))& (0+255)
   507  0752  0084               	movwf	4
   508  0753  1383               	bcf	3,7	;select IRP bank0
   509  0754  0800               	movf	0,w
   510  0755  0087               	movwf	7	;volatile
   511                           
   512                           ;two digit.c: 37:                 _delay((unsigned long)((7000)*(40000/4000.0)));
   513  0756  305B               	movlw	91
   514  0757  00F1               	movwf	??_main+1
   515  0758  30E7               	movlw	231
   516  0759  00F0               	movwf	??_main
   517  075A                     u287:
   518  075A  0BF0               	decfsz	??_main,f
   519  075B  2F5A               	goto	u287
   520  075C  0BF1               	decfsz	??_main+1,f
   521  075D  2F5A               	goto	u287
   522  075E  2F5F               	nop2
   523  075F                     l776:
   524                           
   525                           ;two digit.c: 38:                  if((RA0==1)&&(RA1==0))
   526  075F  1283               	bcf	3,5	;RP0=0, select bank0
   527  0760  1303               	bcf	3,6	;RP1=0, select bank0
   528  0761  1C05               	btfss	5,0	;volatile
   529  0762  2F64               	goto	u171
   530  0763  2F65               	goto	u170
   531  0764                     u171:
   532  0764  2F6A               	goto	l782
   533  0765                     u170:
   534  0765                     l778:
   535  0765  1885               	btfsc	5,1	;volatile
   536  0766  2F68               	goto	u181
   537  0767  2F69               	goto	u180
   538  0768                     u181:
   539  0768  2F6A               	goto	l782
   540  0769                     u180:
   541  0769  2F7D               	goto	l38
   542  076A                     l782:
   543                           
   544                           ;two digit.c: 42:             }
   545  076A  3001               	movlw	1
   546  076B  07B0               	addwf	main@j,f
   547  076C  1803               	skipnc
   548  076D  0AB1               	incf	main@j+1,f
   549  076E  3000               	movlw	0
   550  076F  07B1               	addwf	main@j+1,f
   551  0770                     l784:
   552  0770  0831               	movf	main@j+1,w
   553  0771  3A80               	xorlw	128
   554  0772  00FF               	movwf	btemp+1
   555  0773  3080               	movlw	128
   556  0774  027F               	subwf	btemp+1,w
   557  0775  1D03               	skipz
   558  0776  2F79               	goto	u195
   559  0777  300A               	movlw	10
   560  0778  0230               	subwf	main@j,w
   561  0779                     u195:
   562  0779  1C03               	skipc
   563  077A  2F7C               	goto	u191
   564  077B  2F7D               	goto	u190
   565  077C                     u191:
   566  077C  2F39               	goto	l37
   567  077D                     u190:
   568  077D                     l38:
   569                           
   570                           ;two digit.c: 43:          if((RA0==0)&&(RA1==1))
   571  077D  1283               	bcf	3,5	;RP0=0, select bank0
   572  077E  1303               	bcf	3,6	;RP1=0, select bank0
   573  077F  1805               	btfsc	5,0	;volatile
   574  0780  2F82               	goto	u201
   575  0781  2F83               	goto	u200
   576  0782                     u201:
   577  0782  2F88               	goto	l790
   578  0783                     u200:
   579  0783                     l786:
   580  0783  1C85               	btfss	5,1	;volatile
   581  0784  2F86               	goto	u211
   582  0785  2F87               	goto	u210
   583  0786                     u211:
   584  0786  2F88               	goto	l790
   585  0787                     u210:
   586  0787  2F9B               	goto	l34
   587  0788                     l790:
   588                           
   589                           ;two digit.c: 47:         }
   590  0788  3001               	movlw	1
   591  0789  07AE               	addwf	main@i,f
   592  078A  1803               	skipnc
   593  078B  0AAF               	incf	main@i+1,f
   594  078C  3000               	movlw	0
   595  078D  07AF               	addwf	main@i+1,f
   596  078E                     l792:
   597  078E  082F               	movf	main@i+1,w
   598  078F  3A80               	xorlw	128
   599  0790  00FF               	movwf	btemp+1
   600  0791  3080               	movlw	128
   601  0792  027F               	subwf	btemp+1,w
   602  0793  1D03               	skipz
   603  0794  2F97               	goto	u225
   604  0795  300A               	movlw	10
   605  0796  022E               	subwf	main@i,w
   606  0797                     u225:
   607  0797  1C03               	skipc
   608  0798  2F9A               	goto	u221
   609  0799  2F9B               	goto	u220
   610  079A                     u221:
   611  079A  2F35               	goto	l760
   612  079B                     u220:
   613  079B                     l34:	
   614                           ;two digit.c: 48:     }
   615                           
   616                           
   617                           ;two digit.c: 49:      if((RA1==1)&&(RA0==0))
   618  079B  1283               	bcf	3,5	;RP0=0, select bank0
   619  079C  1303               	bcf	3,6	;RP1=0, select bank0
   620  079D  1C85               	btfss	5,1	;volatile
   621  079E  2FA0               	goto	u231
   622  079F  2FA1               	goto	u230
   623  07A0                     u231:
   624  07A0  2F29               	goto	l750
   625  07A1                     u230:
   626  07A1                     l794:
   627  07A1  1805               	btfsc	5,0	;volatile
   628  07A2  2FA4               	goto	u241
   629  07A3  2FA5               	goto	u240
   630  07A4                     u241:
   631  07A4  2F29               	goto	l750
   632  07A5                     u240:
   633  07A5                     l796:
   634                           
   635                           ;two digit.c: 50:      {;two digit.c: 51:         for(k=i;k>=0;k--)
   636  07A5  082F               	movf	main@i+1,w
   637  07A6  00AB               	movwf	main@k+1
   638  07A7  082E               	movf	main@i,w
   639  07A8  00AA               	movwf	main@k
   640  07A9                     l798:
   641  07A9  1FAB               	btfss	main@k+1,7
   642  07AA  2FAC               	goto	u251
   643  07AB  2FAD               	goto	u250
   644  07AC                     u251:
   645  07AC  2FAE               	goto	l802
   646  07AD                     u250:
   647  07AD  2F29               	goto	l750
   648  07AE                     l802:
   649                           
   650                           ;two digit.c: 52:         {;two digit.c: 53:             for(m=j;m>=0;m--)
   651  07AE  0831               	movf	main@j+1,w
   652  07AF  00AD               	movwf	main@m+1
   653  07B0  0830               	movf	main@j,w
   654  07B1  00AC               	movwf	main@m
   655  07B2                     l804:
   656  07B2  1FAD               	btfss	main@m+1,7
   657  07B3  2FB5               	goto	u261
   658  07B4  2FB6               	goto	u260
   659  07B5                     u261:
   660  07B5  2FB7               	goto	l44
   661  07B6                     u260:
   662  07B6  2FE4               	goto	l820
   663  07B7                     l44:
   664                           
   665                           ;two digit.c: 54:             {;two digit.c: 55:                 RD1=1;RD0=0;
   666  07B7  1488               	bsf	8,1	;volatile
   667  07B8  1008               	bcf	8,0	;volatile
   668  07B9                     l808:
   669                           
   670                           ;two digit.c: 56:                 PORTC=cc[k];
   671  07B9  082A               	movf	main@k,w
   672  07BA  3E20               	addlw	(low (main@cc| 0))& (0+255)
   673  07BB  0084               	movwf	4
   674  07BC  1383               	bcf	3,7	;select IRP bank0
   675  07BD  0800               	movf	0,w
   676  07BE  0087               	movwf	7	;volatile
   677  07BF                     l810:
   678                           
   679                           ;two digit.c: 57:                 _delay((unsigned long)((7000)*(40000/4000.0)));
   680  07BF  305B               	movlw	91
   681  07C0  00F1               	movwf	??_main+1
   682  07C1  30E7               	movlw	231
   683  07C2  00F0               	movwf	??_main
   684  07C3                     u297:
   685  07C3  0BF0               	decfsz	??_main,f
   686  07C4  2FC3               	goto	u297
   687  07C5  0BF1               	decfsz	??_main+1,f
   688  07C6  2FC3               	goto	u297
   689  07C7  2FC8               	nop2
   690  07C8                     l812:
   691                           
   692                           ;two digit.c: 58:                 RD0=1;RD1=0;
   693  07C8  1283               	bcf	3,5	;RP0=0, select bank0
   694  07C9  1303               	bcf	3,6	;RP1=0, select bank0
   695  07CA  1408               	bsf	8,0	;volatile
   696  07CB                     l814:
   697  07CB  1088               	bcf	8,1	;volatile
   698  07CC                     l816:
   699                           
   700                           ;two digit.c: 59:                 PORTC=cc[m];
   701  07CC  082C               	movf	main@m,w
   702  07CD  3E20               	addlw	(low (main@cc| 0))& (0+255)
   703  07CE  0084               	movwf	4
   704  07CF  1383               	bcf	3,7	;select IRP bank0
   705  07D0  0800               	movf	0,w
   706  07D1  0087               	movwf	7	;volatile
   707                           
   708                           ;two digit.c: 60:                 _delay((unsigned long)((7000)*(40000/4000.0)));
   709  07D2  305B               	movlw	91
   710  07D3  00F1               	movwf	??_main+1
   711  07D4  30E7               	movlw	231
   712  07D5  00F0               	movwf	??_main
   713  07D6                     u307:
   714  07D6  0BF0               	decfsz	??_main,f
   715  07D7  2FD6               	goto	u307
   716  07D8  0BF1               	decfsz	??_main+1,f
   717  07D9  2FD6               	goto	u307
   718  07DA  2FDB               	nop2
   719                           
   720                           ;two digit.c: 61:             }
   721  07DB  30FF               	movlw	255
   722  07DC  1283               	bcf	3,5	;RP0=0, select bank0
   723  07DD  1303               	bcf	3,6	;RP1=0, select bank0
   724  07DE  07AC               	addwf	main@m,f
   725  07DF  1803               	skipnc
   726  07E0  0AAD               	incf	main@m+1,f
   727  07E1  30FF               	movlw	255
   728  07E2  07AD               	addwf	main@m+1,f
   729  07E3  2FB2               	goto	l804
   730  07E4                     l820:
   731                           
   732                           ;two digit.c: 62:         }
   733  07E4  30FF               	movlw	255
   734  07E5  07AA               	addwf	main@k,f
   735  07E6  1803               	skipnc
   736  07E7  0AAB               	incf	main@k+1,f
   737  07E8  30FF               	movlw	255
   738  07E9  07AB               	addwf	main@k+1,f
   739  07EA  2FA9               	goto	l798
   740  07EB  120A  118A  2800   	ljmp	start
   741  07EE                     __end_of_main:
   742  007E                     btemp	set	126	;btemp
   743  007E                     wtemp0	set	126

Data Sizes:
    Strings     0
    Constant    0
    Data        10
    BSS         0
    Persistent  0
    Stack       0

Auto Spaces:
    Space          Size  Autos    Used
    COMMON           14      4       4
    BANK0            80     18      28
    BANK1            80      0       0
    BANK3            96      0       0
    BANK2            96      0       0

Pointer List with Targets:

    None.

Critical Paths under _main in COMMON

    None.

Critical Paths under _main in BANK0

    None.

Critical Paths under _main in BANK1

    None.

Critical Paths under _main in BANK3

    None.

Critical Paths under _main in BANK2

    None.

Call Graph Tables:

 ---------------------------------------------------------------------------------
 (Depth) Function   	        Calls       Base Space   Used Autos Params    Refs
 ---------------------------------------------------------------------------------
 (0) _main                                                22    22      0     409
                                              0 COMMON     4     4      0
                                              0 BANK0     18    18      0
 ---------------------------------------------------------------------------------
 Estimated maximum stack depth 0
 ---------------------------------------------------------------------------------

 Call Graph Graphs:

 _main (ROOT)

 Address spaces:
Name               Size   Autos  Total    Cost      Usage
BANK3               60      0       0       9        0.0%
BITBANK3            60      0       0       8        0.0%
SFR3                 0      0       0       4        0.0%
BITSFR3              0      0       0       4        0.0%
BANK2               60      0       0      11        0.0%
BITBANK2            60      0       0      10        0.0%
SFR2                 0      0       0       5        0.0%
BITSFR2              0      0       0       5        0.0%
BANK1               50      0       0       7        0.0%
BITBANK1            50      0       0       6        0.0%
SFR1                 0      0       0       2        0.0%
BITSFR1              0      0       0       2        0.0%
BANK0               50     12      1C       5       35.0%
BITBANK0            50      0       0       4        0.0%
SFR0                 0      0       0       1        0.0%
BITSFR0              0      0       0       1        0.0%
COMMON               E      4       4       1       28.6%
BITCOMMON            E      0       0       0        0.0%
CODE                 0      0       0       0        0.0%
DATA                 0      0      20      12        0.0%
ABS                  0      0      20       3        0.0%
NULL                 0      0       0       0        0.0%
STACK                0      0       0       2        0.0%
EEDATA             100      0       0       0        0.0%


Microchip Technology PIC Macro Assembler V2.32 build 20210201212658 
Symbol Table                                                                                   Thu Mar 16 15:46:27 2023

                      pc 0002                       l34 079B                       l44 07B7  
                     l37 0739                       l38 077D                       fsr 0004  
                    l810 07BF                      l802 07AE                      l812 07C8  
                    l820 07E4                      l804 07B2                      l740 071C  
                    l732 06FD                      l814 07CB                      l750 0729  
                    l742 071F                      l734 0712                      l816 07CC  
                    l808 07B9                      l760 0735                      l752 072F  
                    l744 0722                      l736 0716                      l770 074C  
                    l754 0733                      l746 0725                      l738 0719  
                    l772 074F                      l748 0728                      l790 0788  
                    l782 076A                      l774 0750                      l766 073D  
                    l792 078E                      l784 0770                      l776 075F  
                    l768 0743                      l794 07A1                      l786 0783  
                    l778 0765                      l796 07A5                      l798 07A9  
                    _RA0 0028                      _RA1 0029                      _RD0 0040  
                    _RD1 0041                      u200 0783                      u201 0782  
                    u210 0787                      u211 0786                      u220 079B  
                    u140 0705                      u221 079A                      u230 07A1  
                    u150 072F                      u231 07A0                      u151 072E  
                    u240 07A5                      u160 0733                      u241 07A4  
                    u225 0797                      u161 0732                      u250 07AD  
                    u170 0765                      u307 07D6                      u251 07AC  
                    u171 0764                      u260 07B6                      u180 0769  
                    u261 07B5                      u181 0768                      u190 077D  
                    u191 077C                      u195 0779                      u277 0747  
                    u287 075A                      u297 07C3                      fsr0 0004  
                    indf 0000                     _main 06FD                     btemp 007E  
                   start 0000                    ?_main 0070                    _ANSEL 0188  
                  _PORTA 0005                    _PORTC 0007                    _PORTD 0008  
                  _TRISA 0085                    _TRISC 0087                    _TRISD 0088  
                  main@i 002E                    main@j 0030                    main@k 002A  
                  main@m 002C                    pclath 000A                    status 0003  
                  wtemp0 007E          __initialization 07EE             __end_of_main 07EE  
                 ??_main 0070                   _ANSELH 0189                   main@cc 0020  
__end_of__initialization 07FC           __pcstackCOMMON 0070             __pidataBANK0 06E0  
             __pmaintext 06FD     end_of_initialization 07FC      start_initialization 07EE  
             init_fetch0 06EA              __pdataBANK0 0032                ___latbits 0002  
          __pcstackBANK0 0020                main@F1269 0032            __size_of_main 00F1  
               init_ram0 06EE  
